0 info it worked if it ends with ok
1 verbose cli [ '/usr/bin/nodejs',
1 verbose cli   '/usr/local/bin/npm',
1 verbose cli   '-g',
1 verbose cli   'i',
1 verbose cli   'webpack.config.js' ]
2 info using npm@3.10.8
3 info using node@v6.9.4
4 silly loadCurrentTree Starting
5 silly install loadCurrentTree
6 silly install readGlobalPackageData
7 silly fetchPackageMetaData webpack.config.js
8 silly fetchOtherPackageData webpack.config.js
9 silly cache add args [ 'webpack.config.js', null ]
10 verbose cache add spec webpack.config.js
11 silly cache add parsed spec Result {
11 silly cache add   raw: 'webpack.config.js',
11 silly cache add   scope: null,
11 silly cache add   escapedName: 'webpack.config.js',
11 silly cache add   name: null,
11 silly cache add   rawSpec: 'webpack.config.js',
11 silly cache add   spec: '/var/www/sites/leads/webpack.config.js',
11 silly cache add   type: 'local' }
12 silly addLocalTarball shasum (computed) 4c4252b2f309218c10fc26e9d4a27edb3b48ed0f
13 verbose addTmpTarball /var/www/sites/leads/webpack.config.js not in flight; adding
14 verbose correctMkdir /home/joao/.npm correctMkdir not in flight; initializing
15 verbose addTmpTarball validating metadata from /var/www/sites/leads/webpack.config.js
16 verbose tar unpack /var/www/sites/leads/webpack.config.js
17 verbose tar unpacking to /tmp/npm-6193-ace0729b/unpack-69165dc2
18 silly gentlyRm /tmp/npm-6193-ace0729b/unpack-69165dc2 is being purged
19 verbose gentlyRm don't care about contents; nuking /tmp/npm-6193-ace0729b/unpack-69165dc2
20 silly gunzTarPerm modes [ '775', '664' ]
21 error not a package /var/www/sites/leads/webpack.config.js
22 error addLocal Could not install /var/www/sites/leads/webpack.config.js
23 silly fetchPackageMetaData Error: ENOENT: no such file or directory, open '/tmp/npm-6193-ace0729b/unpack-69165dc2/package.json'
23 silly fetchPackageMetaData     at Error (native)
23 silly fetchPackageMetaData  error for webpack.config.js { Error: ENOENT: no such file or directory, open '/tmp/npm-6193-ace0729b/unpack-69165dc2/package.json'
23 silly fetchPackageMetaData     at Error (native)
23 silly fetchPackageMetaData   errno: -2,
23 silly fetchPackageMetaData   code: 'ENOENT',
23 silly fetchPackageMetaData   syscall: 'open',
23 silly fetchPackageMetaData   path: '/tmp/npm-6193-ace0729b/unpack-69165dc2/package.json' }
24 silly rollbackFailedOptional Starting
25 silly rollbackFailedOptional Finishing
26 silly runTopLevelLifecycles Finishing
27 silly install printInstalled
28 verbose stack Error: ENOENT: no such file or directory, open '/tmp/npm-6193-ace0729b/unpack-69165dc2/package.json'
28 verbose stack     at Error (native)
29 verbose cwd /var/www/sites/leads
30 error Linux 4.4.0-59-generic
31 error argv "/usr/bin/nodejs" "/usr/local/bin/npm" "-g" "i" "webpack.config.js"
32 error node v6.9.4
33 error npm  v3.10.8
34 error path /tmp/npm-6193-ace0729b/unpack-69165dc2/package.json
35 error code ENOENT
36 error errno -2
37 error syscall open
38 error enoent ENOENT: no such file or directory, open '/tmp/npm-6193-ace0729b/unpack-69165dc2/package.json'
39 error enoent ENOENT: no such file or directory, open '/tmp/npm-6193-ace0729b/unpack-69165dc2/package.json'
39 error enoent This is most likely not a problem with npm itself
39 error enoent and is related to npm not being able to find a file.
40 verbose exit [ -2, true ]
